<?xml version="1.0" encoding="UTF-8"?>
<testng-results ignored="0" total="1" passed="0" failed="1" skipped="0">
  <reporter-output>
  </reporter-output>
  <suite started-at="2024-06-05T23:30:06 EDT" name="Default suite" finished-at="2024-06-05T23:30:15 EDT" duration-ms="8336">
    <groups>
    </groups>
    <test started-at="2024-06-05T23:30:06 EDT" name="Default test" finished-at="2024-06-05T23:30:15 EDT" duration-ms="8336">
      <class name="tests.CreateOpportunityTest">
        <test-method is-config="true" signature="doConfiguration()[pri:0, instance:tests.CreateOpportunityTest@e84a8e1]" started-at="2024-06-05T23:30:06 EDT" name="doConfiguration" finished-at="2024-06-05T23:30:06 EDT" duration-ms="269" status="PASS">
          <reporter-output>
          </reporter-output>
        </test-method> <!-- doConfiguration -->
        <test-method is-config="true" signature="preCondtions()[pri:0, instance:tests.CreateOpportunityTest@e84a8e1]" started-at="2024-06-05T23:30:06 EDT" name="preCondtions" finished-at="2024-06-05T23:30:09 EDT" duration-ms="2442" status="PASS">
          <reporter-output>
          </reporter-output>
        </test-method> <!-- preCondtions -->
        <test-method signature="OpportunityDropdown_Tc15()[pri:0, instance:tests.CreateOpportunityTest@e84a8e1]" started-at="2024-06-05T23:30:09 EDT" name="OpportunityDropdown_Tc15" finished-at="2024-06-05T23:30:14 EDT" duration-ms="4866" status="FAIL">
          <exception class="java.lang.AssertionError">
            <message>
              <![CDATA[Opportunity HomePage shoud display expected [true] but found [false]]]>
            </message>
            <full-stacktrace>
              <![CDATA[java.lang.AssertionError: Opportunity HomePage shoud display expected [true] but found [false]
at org.testng.Assert.fail(Assert.java:111)
at org.testng.Assert.failNotEquals(Assert.java:1578)
at org.testng.Assert.assertTrue(Assert.java:57)
at tests.CreateOpportunityTest.OpportunityDropdown_Tc15(CreateOpportunityTest.java:40)
at java.base/jdk.internal.reflect.DirectMethodHandleAccessor.invoke(DirectMethodHandleAccessor.java:103)
at java.base/java.lang.reflect.Method.invoke(Method.java:580)
at org.testng.internal.invokers.MethodInvocationHelper.invokeMethod(MethodInvocationHelper.java:139)
at org.testng.internal.invokers.TestInvoker.invokeMethod(TestInvoker.java:664)
at org.testng.internal.invokers.TestInvoker.invokeTestMethod(TestInvoker.java:228)
at org.testng.internal.invokers.MethodRunner.runInSequence(MethodRunner.java:63)
at org.testng.internal.invokers.TestInvoker$MethodInvocationAgent.invoke(TestInvoker.java:961)
at org.testng.internal.invokers.TestInvoker.invokeTestMethods(TestInvoker.java:201)
at org.testng.internal.invokers.TestMethodWorker.invokeTestMethods(TestMethodWorker.java:148)
at org.testng.internal.invokers.TestMethodWorker.run(TestMethodWorker.java:128)
at java.base/java.util.ArrayList.forEach(ArrayList.java:1596)
at org.testng.TestRunner.privateRun(TestRunner.java:819)
at org.testng.TestRunner.run(TestRunner.java:619)
at org.testng.SuiteRunner.runTest(SuiteRunner.java:443)
at org.testng.SuiteRunner.runSequentially(SuiteRunner.java:437)
at org.testng.SuiteRunner.privateRun(SuiteRunner.java:397)
at org.testng.SuiteRunner.run(SuiteRunner.java:336)
at org.testng.SuiteRunnerWorker.runSuite(SuiteRunnerWorker.java:52)
at org.testng.SuiteRunnerWorker.run(SuiteRunnerWorker.java:95)
at org.testng.TestNG.runSuitesSequentially(TestNG.java:1301)
at org.testng.TestNG.runSuitesLocally(TestNG.java:1228)
at org.testng.TestNG.runSuites(TestNG.java:1134)
at org.testng.TestNG.run(TestNG.java:1101)
at org.testng.remote.AbstractRemoteTestNG.run(AbstractRemoteTestNG.java:115)
at org.testng.remote.RemoteTestNG.initAndRun(RemoteTestNG.java:293)
at org.testng.remote.RemoteTestNG.main(RemoteTestNG.java:91)
]]>
            </full-stacktrace>
          </exception> <!-- java.lang.AssertionError -->
          <reporter-output>
          </reporter-output>
        </test-method> <!-- OpportunityDropdown_Tc15 -->
        <test-method is-config="true" signature="postCondtions()[pri:0, instance:tests.CreateOpportunityTest@e84a8e1]" started-at="2024-06-05T23:30:14 EDT" name="postCondtions" finished-at="2024-06-05T23:30:15 EDT" duration-ms="238" status="PASS">
          <reporter-output>
          </reporter-output>
        </test-method> <!-- postCondtions -->
        <test-method is-config="true" signature="tearDownConfig()[pri:0, instance:tests.CreateOpportunityTest@e84a8e1]" started-at="2024-06-05T23:30:15 EDT" name="tearDownConfig" finished-at="2024-06-05T23:30:16 EDT" duration-ms="910" status="PASS">
          <reporter-output>
          </reporter-output>
        </test-method> <!-- tearDownConfig -->
      </class> <!-- tests.CreateOpportunityTest -->
    </test> <!-- Default test -->
  </suite> <!-- Default suite -->
</testng-results>
